

Fold 1
-------


Number of correct predictions in the training set 4735
Epoch: 01 | Epoch Time: 1m 11s
Train Acc1 0.7847199204507789 Train Loss1 0.046534743160009384

Number of correct predictions in the test set 4787
Val Acc1 0.7933377527345045
Number of correct predictions in the training set 4787
Epoch: 02 | Epoch Time: 1m 11s
Train Acc1 0.7933377527345045 Train Loss1 0.027452941983938217

Number of correct predictions in the test set 4787
Val Acc1 0.7933377527345045
Number of correct predictions in the training set 4787
Epoch: 03 | Epoch Time: 1m 11s
Train Acc1 0.7933377527345045 Train Loss1 0.10485333949327469

Number of correct predictions in the test set 4787
Val Acc1 0.7933377527345045
Number of correct predictions in the training set 4787
Epoch: 04 | Epoch Time: 1m 11s
Train Acc1 0.7933377527345045 Train Loss1 0.05769077688455582

Number of correct predictions in the test set 4787
Val Acc1 0.7933377527345045
Number of correct predictions in the training set 4787
Epoch: 05 | Epoch Time: 1m 11s
Train Acc1 0.7933377527345045 Train Loss1 0.010282233357429504

Number of correct predictions in the test set 4787
Val Acc1 0.7933377527345045
-------------
End of Fold 1

/opt/conda/lib/python3.7/site-packages/sklearn/metrics/_classification.py:1221: UndefinedMetricWarning: Precision and F-score are ill-defined and being set to 0.0 in labels with no predicted samples. Use `zero_division` parameter to control this behavior.
  _warn_prf(average, modifier, msg_start, len(result))

                   precision    recall  f1-score   support

None-of-the-above       0.79      1.00      0.89      4787
       Homophobic       0.00      0.00      0.00       465
      Transphobic       0.00      0.00      0.00       184
      Hope-Speech       0.00      0.00      0.00       317
   Counter-speech       0.00      0.00      0.00       281

         accuracy                           0.79      6034
        macro avg       0.16      0.20      0.18      6034
     weighted avg       0.63      0.79      0.70      6034

[[4787    0    0    0    0]
 [ 460    0    0    0    5]
 [ 184    0    0    0    0]
 [ 317    0    0    0    0]
 [ 281    0    0    0    0]]
Fold 2
-------
Number of correct predictions in the training set 4740
Epoch: 01 | Epoch Time: 1m 12s
Train Acc1 0.7855485581703678 Train Loss1 0.024160083383321762

Number of correct predictions in the test set 4787
Val Acc1 0.7933377527345045
Number of correct predictions in the training set 4790
Epoch: 02 | Epoch Time: 1m 11s
Train Acc1 0.7938349353662578 Train Loss1 0.00553119694814086

Number of correct predictions in the test set 4793
Val Acc1 0.7943321179980112
Number of correct predictions in the training set 4815
Epoch: 03 | Epoch Time: 1m 11s
Train Acc1 0.7979781239642028 Train Loss1 0.0022094056475907564

Number of correct predictions in the test set 4833
Val Acc1 0.8009612197547232
Number of correct predictions in the training set 4923
Epoch: 04 | Epoch Time: 1m 11s
Train Acc1 0.8158766987073252 Train Loss1 0.030369354411959648

Number of correct predictions in the test set 4986
Val Acc1 0.8263175339741464
Number of correct predictions in the training set 4997
Epoch: 05 | Epoch Time: 1m 11s
Train Acc1 0.8281405369572422 Train Loss1 0.04276834428310394

Number of correct predictions in the test set 5021
Val Acc1 0.8321179980112694
-------------
End of Fold 2
                   precision    recall  f1-score   support

None-of-the-above       0.89      0.98      0.93      4787
       Homophobic       0.35      0.50      0.41       465
      Transphobic       0.00      0.00      0.00       184
      Hope-Speech       0.83      0.35      0.49       317
   Counter-speech       1.00      0.00      0.01       281

         accuracy                           0.83      6034
        macro avg       0.62      0.37      0.37      6034
     weighted avg       0.83      0.83      0.80      6034

[[4676  104    0    7    0]
 [ 226  234    0    5    0]
 [  58  123    0    3    0]
 [ 167   40    0  110    0]
 [ 107  166    0    7    1]]
Fold 3
-------
Number of correct predictions in the training set 4759
Epoch: 01 | Epoch Time: 1m 11s
Train Acc1 0.7886973815048061 Train Loss1 0.031477190554142

Number of correct predictions in the test set 4787
Val Acc1 0.7933377527345045
Number of correct predictions in the training set 4787
Epoch: 02 | Epoch Time: 1m 11s
Train Acc1 0.7933377527345045 Train Loss1 0.04197220504283905

Number of correct predictions in the test set 4787
Val Acc1 0.7933377527345045
Number of correct predictions in the training set 4787
Epoch: 03 | Epoch Time: 1m 11s
Train Acc1 0.7933377527345045 Train Loss1 0.08705881237983704

Number of correct predictions in the test set 4787
Val Acc1 0.7933377527345045
Number of correct predictions in the training set 4787
Epoch: 04 | Epoch Time: 1m 11s
Train Acc1 0.7933377527345045 Train Loss1 0.05742763727903366

Number of correct predictions in the test set 4787
Val Acc1 0.7933377527345045
Number of correct predictions in the training set 4787
Epoch: 05 | Epoch Time: 1m 11s
Train Acc1 0.7933377527345045 Train Loss1 0.02395697683095932

Number of correct predictions in the test set 4787
Val Acc1 0.7933377527345045
-------------
End of Fold 3
                   precision    recall  f1-score   support

None-of-the-above       0.79      1.00      0.88      4787
       Homophobic       0.00      0.00      0.00       465
      Transphobic       0.00      0.00      0.00       184
      Hope-Speech       0.00      0.00      0.00       317
   Counter-speech       0.00      0.00      0.00       281

         accuracy                           0.79      6034
        macro avg       0.16      0.20      0.18      6034
     weighted avg       0.63      0.79      0.70      6034

[[4787    0    0    0    0]
 [ 465    0    0    0    0]
 [ 184    0    0    0    0]
 [ 317    0    0    0    0]
 [ 281    0    0    0    0]]
Fold 4
-------
Number of correct predictions in the training set 4735
Epoch: 01 | Epoch Time: 1m 12s
Train Acc1 0.7847199204507789 Train Loss1 0.052743639796972275

Number of correct predictions in the test set 4787
Val Acc1 0.7933377527345045
Number of correct predictions in the training set 4787
Epoch: 02 | Epoch Time: 1m 12s
Train Acc1 0.7933377527345045 Train Loss1 0.011995497159659863

Number of correct predictions in the test set 4793
Val Acc1 0.7943321179980112
Number of correct predictions in the training set 4796
Epoch: 03 | Epoch Time: 1m 12s
Train Acc1 0.7948293006297646 Train Loss1 0.04966223984956741

Number of correct predictions in the test set 4831
Val Acc1 0.8006297646668876
Number of correct predictions in the training set 4878
Epoch: 04 | Epoch Time: 1m 11s
Train Acc1 0.8084189592310241 Train Loss1 0.012339201755821705

Number of correct predictions in the test set 4891
Val Acc1 0.8105734173019555
Number of correct predictions in the training set 4947
Epoch: 05 | Epoch Time: 1m 12s
Train Acc1 0.8198541597613522 Train Loss1 0.011651882901787758

Number of correct predictions in the test set 4990
Val Acc1 0.8269804441498176
-------------
End of Fold 4
                   precision    recall  f1-score   support

None-of-the-above       0.89      0.98      0.94      4787
       Homophobic       0.37      0.57      0.45       465
      Transphobic       0.00      0.00      0.00       184
      Hope-Speech       0.00      0.00      0.00       317
   Counter-speech       0.38      0.10      0.16       281

         accuracy                           0.83      6034
        macro avg       0.33      0.33      0.31      6034
     weighted avg       0.76      0.83      0.78      6034

[[4697   77    0    0   13]
 [ 172  265    0    0   28]
 [  64  118    0    0    2]
 [ 268   46    0    0    3]
 [  51  202    0    0   28]]
Fold 5
-------
Number of correct predictions in the training set 4735
Epoch: 01 | Epoch Time: 1m 12s
Train Acc1 0.7847199204507789 Train Loss1 0.05780029296875

Number of correct predictions in the test set 4787
Val Acc1 0.7933377527345045
Number of correct predictions in the training set 4787
Epoch: 02 | Epoch Time: 1m 11s
Train Acc1 0.7933377527345045 Train Loss1 0.042864177376031876

Number of correct predictions in the test set 4787
Val Acc1 0.7933377527345045
Number of correct predictions in the training set 4789
Epoch: 03 | Epoch Time: 1m 11s
Train Acc1 0.7936692078223401 Train Loss1 0.09713749587535858

Number of correct predictions in the test set 4805
Val Acc1 0.7963208485250248
Number of correct predictions in the training set 4813
Epoch: 04 | Epoch Time: 1m 12s
Train Acc1 0.7976466688763671 Train Loss1 0.0025136799085885286

Number of correct predictions in the test set 4824
Val Acc1 0.7994696718594629
Number of correct predictions in the training set 4843
Epoch: 05 | Epoch Time: 1m 12s
Train Acc1 0.8026184951939012 Train Loss1 0.010142133571207523

Number of correct predictions in the test set 4849
Val Acc1 0.803612860457408
-------------
End of Fold 5
                   precision    recall  f1-score   support

None-of-the-above       0.84      0.99      0.91      4787
       Homophobic       0.30      0.25      0.27       465
      Transphobic       0.00      0.00      0.00       184
      Hope-Speech       0.00      0.00      0.00       317
   Counter-speech       0.42      0.03      0.05       281

         accuracy                           0.80      6034
        macro avg       0.31      0.25      0.25      6034
     weighted avg       0.71      0.80      0.74      6034

[[4726   59    0    0    2]
 [ 342  115    0    0    8]
 [ 102   82    0    0    0]
 [ 282   34    0    0    1]
 [ 180   93    0    0    8]]

